# JRE version: Java(TM) SE Runtime Environment (18.0.2.1+1) (build 18.0.2.1+1-1)
# Java VM: Java HotSpot(TM) 64-Bit Server VM (18.0.2.1+1-1, mixed mode, sharing, tiered, compressed oops, compressed class ptrs, g1 gc, windows-amd64)
GC Precious Log:
 CardTable entry size: 512
 Card Set container configuration: InlinePtr #cards 5 size 8 Array Of Cards #cards 12 size 40 Howl #buckets 4 coarsen threshold 1843 Howl Bitmap #cards 512 size 80 coarsen threshold 460 Card regions per heap region 1 cards per card region 2048
 CPUs: 12 total, 12 available
 Memory: 7876M
 Large Page Support: Disabled
 NUMA Support: Disabled
 Compressed Oops: Enabled (32-bit)
 Heap Region Size: 1M
 Heap Min Capacity: 8M
 Heap Initial Capacity: 124M
 Heap Max Capacity: 1970M
 Pre-touch: Disabled
 Parallel Workers: 10
 Concurrent Workers: 3
 Concurrent Refinement Workers: 10
 Periodic GC: Disabled
Heap:
 garbage-first heap   total 126976K, used 47988K [0x0000000084e00000, 0x0000000100000000)
  region size 1024K, 45 young (46080K), 7 survivors (7168K)
 Metaspace       used 15955K, committed 16256K, reserved 1114112K
  class space    used 1832K, committed 1984K, reserved 1048576K
GC Heap History (6 events):
Event: 4.725 GC heap before
{Heap before GC invocations=0 (full 0):
 garbage-first heap   total 126976K, used 22528K [0x0000000084e00000, 0x0000000100000000)
  region size 1024K, 23 young (23552K), 0 survivors (0K)
 Metaspace       used 5499K, committed 5696K, reserved 1114112K
  class space    used 648K, committed 768K, reserved 1048576K
}
Event: 5.755 GC heap after
{Heap after GC invocations=1 (full 0):
 garbage-first heap   total 126976K, used 3752K [0x0000000084e00000, 0x0000000100000000)
  region size 1024K, 3 young (3072K), 3 survivors (3072K)
 Metaspace       used 5499K, committed 5696K, reserved 1114112K
  class space    used 648K, committed 768K, reserved 1048576K
}
Event: 7.323 GC heap before
{Heap before GC invocations=1 (full 0):
 garbage-first heap   total 126976K, used 34472K [0x0000000084e00000, 0x0000000100000000)
  region size 1024K, 33 young (33792K), 3 survivors (3072K)
 Metaspace       used 9609K, committed 9728K, reserved 1114112K
  class space    used 1141K, committed 1216K, reserved 1048576K
}
Event: 7.332 GC heap after
{Heap after GC invocations=2 (full 0):
 garbage-first heap   total 126976K, used 5607K [0x0000000084e00000, 0x0000000100000000)
  region size 1024K, 2 young (2048K), 2 survivors (2048K)
 Metaspace       used 9609K, committed 9728K, reserved 1114112K
  class space    used 1141K, committed 1216K, reserved 1048576K
}
Event: 10.697 GC heap before
{Heap before GC invocations=2 (full 0):
 garbage-first heap   total 126976K, used 79335K [0x0000000084e00000, 0x0000000100000000)
  region size 1024K, 74 young (75776K), 2 survivors (2048K)
 Metaspace       used 15679K, committed 16000K, reserved 1114112K
  class space    used 1831K, committed 1984K, reserved 1048576K
}
Event: 10.708 GC heap after
{Heap after GC invocations=3 (full 0):
 garbage-first heap   total 126976K, used 10100K [0x0000000084e00000, 0x0000000100000000)
  region size 1024K, 7 young (7168K), 7 survivors (7168K)
 Metaspace       used 15679K, committed 16000K, reserved 1114112K
  class space    used 1831K, committed 1984K, reserved 1048576K
}

