# JRE version: OpenJDK Runtime Environment Temurin-21.0.9+10 (21.0.9+10) (build 21.0.9+10-LTS)
# Java VM: OpenJDK 64-Bit Server VM Temurin-21.0.9+10 (21.0.9+10-LTS, mixed mode, sharing, tiered, compressed oops, compressed class ptrs, parallel gc, windows-amd64)
GC Precious Log:
 CardTable entry size: 512
 CPUs: 12 total, 12 available
 Memory: 7876M
 Large Page Support: Disabled
 NUMA Support: Disabled
 Compressed Oops: Enabled (32-bit)
 Alignments: Space 512K, Generation 512K, Heap 2M
 Heap Min Capacity: 100M
 Heap Initial Capacity: 100M
 Heap Max Capacity: 2G
 Pre-touch: Disabled
 Parallel Workers: 10
Heap:
 PSYoungGen      total 6144K, used 6112K [0x00000000d5580000, 0x00000000d5e80000, 0x0000000100000000)
  eden space 5632K, 99% used [0x00000000d5580000,0x00000000d5affff8,0x00000000d5b00000)
  from space 512K, 93% used [0x00000000d5c80000,0x00000000d5cf8158,0x00000000d5d00000)
  to   space 1536K, 99% used [0x00000000d5b00000,0x00000000d5c7fa18,0x00000000d5c80000)
 ParOldGen       total 1099776K, used 1099772K [0x0000000080000000, 0x00000000c3200000, 0x00000000d5580000)
  object space 1099776K, 99% used [0x0000000080000000,0x00000000c31ff068,0x00000000c3200000)
 Metaspace       used 87256K, committed 88832K, reserved 1179648K
  class space    used 8736K, committed 9408K, reserved 1048576K
GC Heap History (20 events):
Event: 7938.752 GC heap after
{Heap after GC invocations=2065 (full 5):
 PSYoungGen      total 6656K, used 406K [0x00000000d5580000, 0x00000000d5d00000, 0x0000000100000000)
  eden space 6144K, 0% used [0x00000000d5580000,0x00000000d5580000,0x00000000d5b80000)
  from space 512K, 79% used [0x00000000d5c80000,0x00000000d5ce5a00,0x00000000d5d00000)
  to   space 512K, 0% used [0x00000000d5c00000,0x00000000d5c00000,0x00000000d5c80000)
 ParOldGen       total 1097728K, used 1097453K [0x0000000080000000, 0x00000000c3000000, 0x00000000d5580000)
  object space 1097728K, 99% used [0x0000000080000000,0x00000000c2fbb670,0x00000000c3000000)
 Metaspace       used 87248K, committed 88768K, reserved 1179648K
  class space    used 8736K, committed 9408K, reserved 1048576K
}
Event: 7939.088 GC heap before
{Heap before GC invocations=2066 (full 5):
 PSYoungGen      total 6656K, used 6550K [0x00000000d5580000, 0x00000000d5d00000, 0x0000000100000000)
  eden space 6144K, 100% used [0x00000000d5580000,0x00000000d5b80000,0x00000000d5b80000)
  from space 512K, 79% used [0x00000000d5c80000,0x00000000d5ce5a00,0x00000000d5d00000)
  to   space 512K, 0% used [0x00000000d5c00000,0x00000000d5c00000,0x00000000d5c80000)
 ParOldGen       total 1097728K, used 1097453K [0x0000000080000000, 0x00000000c3000000, 0x00000000d5580000)
  object space 1097728K, 99% used [0x0000000080000000,0x00000000c2fbb670,0x00000000c3000000)
 Metaspace       used 87251K, committed 88768K, reserved 1179648K
  class space    used 8736K, committed 9408K, reserved 1048576K
}
Event: 7939.097 GC heap after
{Heap after GC invocations=2066 (full 5):
 PSYoungGen      total 6656K, used 496K [0x00000000d5580000, 0x00000000d5d80000, 0x0000000100000000)
  eden space 6144K, 0% used [0x00000000d5580000,0x00000000d5580000,0x00000000d5b80000)
  from space 512K, 96% used [0x00000000d5c00000,0x00000000d5c7c010,0x00000000d5c80000)
  to   space 1024K, 0% used [0x00000000d5c80000,0x00000000d5c80000,0x00000000d5d80000)
 ParOldGen       total 1097728K, used 1097647K [0x0000000080000000, 0x00000000c3000000, 0x00000000d5580000)
  object space 1097728K, 99% used [0x0000000080000000,0x00000000c2febe00,0x00000000c3000000)
 Metaspace       used 87251K, committed 88768K, reserved 1179648K
  class space    used 8736K, committed 9408K, reserved 1048576K
}
Event: 7939.135 GC heap before
{Heap before GC invocations=2067 (full 5):
 PSYoungGen      total 6656K, used 6640K [0x00000000d5580000, 0x00000000d5d80000, 0x0000000100000000)
  eden space 6144K, 100% used [0x00000000d5580000,0x00000000d5b80000,0x00000000d5b80000)
  from space 512K, 96% used [0x00000000d5c00000,0x00000000d5c7c010,0x00000000d5c80000)
  to   space 1024K, 0% used [0x00000000d5c80000,0x00000000d5c80000,0x00000000d5d80000)
 ParOldGen       total 1097728K, used 1097647K [0x0000000080000000, 0x00000000c3000000, 0x00000000d5580000)
  object space 1097728K, 99% used [0x0000000080000000,0x00000000c2febe00,0x00000000c3000000)
 Metaspace       used 87254K, committed 88768K, reserved 1179648K
  class space    used 8736K, committed 9408K, reserved 1048576K
}
Event: 7939.138 GC heap after
{Heap after GC invocations=2067 (full 5):
 PSYoungGen      total 6656K, used 288K [0x00000000d5580000, 0x00000000d5d00000, 0x0000000100000000)
  eden space 6144K, 0% used [0x00000000d5580000,0x00000000d5580000,0x00000000d5b80000)
  from space 512K, 56% used [0x00000000d5c80000,0x00000000d5cc8000,0x00000000d5d00000)
  to   space 512K, 0% used [0x00000000d5c00000,0x00000000d5c00000,0x00000000d5c80000)
 ParOldGen       total 1098240K, used 1098157K [0x0000000080000000, 0x00000000c3080000, 0x00000000d5580000)
  object space 1098240K, 99% used [0x0000000080000000,0x00000000c306b578,0x00000000c3080000)
 Metaspace       used 87254K, committed 88768K, reserved 1179648K
  class space    used 8736K, committed 9408K, reserved 1048576K
}
Event: 7939.174 GC heap before
{Heap before GC invocations=2068 (full 5):
 PSYoungGen      total 6656K, used 6432K [0x00000000d5580000, 0x00000000d5d00000, 0x0000000100000000)
  eden space 6144K, 100% used [0x00000000d5580000,0x00000000d5b80000,0x00000000d5b80000)
  from space 512K, 56% used [0x00000000d5c80000,0x00000000d5cc8000,0x00000000d5d00000)
  to   space 512K, 0% used [0x00000000d5c00000,0x00000000d5c00000,0x00000000d5c80000)
 ParOldGen       total 1098240K, used 1098157K [0x0000000080000000, 0x00000000c3080000, 0x00000000d5580000)
  object space 1098240K, 99% used [0x0000000080000000,0x00000000c306b578,0x00000000c3080000)
 Metaspace       used 87254K, committed 88768K, reserved 1179648K
  class space    used 8736K, committed 9408K, reserved 1048576K
}
Event: 7939.178 GC heap after
{Heap after GC invocations=2068 (full 5):
 PSYoungGen      total 6656K, used 256K [0x00000000d5580000, 0x00000000d5d00000, 0x0000000100000000)
  eden space 6144K, 0% used [0x00000000d5580000,0x00000000d5580000,0x00000000d5b80000)
  from space 512K, 50% used [0x00000000d5c00000,0x00000000d5c40000,0x00000000d5c80000)
  to   space 512K, 0% used [0x00000000d5c80000,0x00000000d5c80000,0x00000000d5d00000)
 ParOldGen       total 1098752K, used 1098309K [0x0000000080000000, 0x00000000c3100000, 0x00000000d5580000)
  object space 1098752K, 99% used [0x0000000080000000,0x00000000c3091670,0x00000000c3100000)
 Metaspace       used 87254K, committed 88768K, reserved 1179648K
  class space    used 8736K, committed 9408K, reserved 1048576K
}
Event: 7939.282 GC heap before
{Heap before GC invocations=2069 (full 5):
 PSYoungGen      total 6656K, used 6400K [0x00000000d5580000, 0x00000000d5d00000, 0x0000000100000000)
  eden space 6144K, 100% used [0x00000000d5580000,0x00000000d5b80000,0x00000000d5b80000)
  from space 512K, 50% used [0x00000000d5c00000,0x00000000d5c40000,0x00000000d5c80000)
  to   space 512K, 0% used [0x00000000d5c80000,0x00000000d5c80000,0x00000000d5d00000)
 ParOldGen       total 1098752K, used 1098309K [0x0000000080000000, 0x00000000c3100000, 0x00000000d5580000)
  object space 1098752K, 99% used [0x0000000080000000,0x00000000c3091670,0x00000000c3100000)
 Metaspace       used 87254K, committed 88768K, reserved 1179648K
  class space    used 8736K, committed 9408K, reserved 1048576K
}
Event: 7939.285 GC heap after
{Heap after GC invocations=2069 (full 5):
 PSYoungGen      total 6656K, used 288K [0x00000000d5580000, 0x00000000d5d00000, 0x0000000100000000)
  eden space 6144K, 0% used [0x00000000d5580000,0x00000000d5580000,0x00000000d5b80000)
  from space 512K, 56% used [0x00000000d5c80000,0x00000000d5cc8000,0x00000000d5d00000)
  to   space 512K, 0% used [0x00000000d5c00000,0x00000000d5c00000,0x00000000d5c80000)
 ParOldGen       total 1098752K, used 1098349K [0x0000000080000000, 0x00000000c3100000, 0x00000000d5580000)
  object space 1098752K, 99% used [0x0000000080000000,0x00000000c309b670,0x00000000c3100000)
 Metaspace       used 87254K, committed 88768K, reserved 1179648K
  class space    used 8736K, committed 9408K, reserved 1048576K
}
Event: 7939.472 GC heap before
{Heap before GC invocations=2070 (full 5):
 PSYoungGen      total 6656K, used 6431K [0x00000000d5580000, 0x00000000d5d00000, 0x0000000100000000)
  eden space 6144K, 99% used [0x00000000d5580000,0x00000000d5b7fff8,0x00000000d5b80000)
  from space 512K, 56% used [0x00000000d5c80000,0x00000000d5cc8000,0x00000000d5d00000)
  to   space 512K, 0% used [0x00000000d5c00000,0x00000000d5c00000,0x00000000d5c80000)
 ParOldGen       total 1098752K, used 1098349K [0x0000000080000000, 0x00000000c3100000, 0x00000000d5580000)
  object space 1098752K, 99% used [0x0000000080000000,0x00000000c309b670,0x00000000c3100000)
 Metaspace       used 87254K, committed 88768K, reserved 1179648K
  class space    used 8736K, committed 9408K, reserved 1048576K
}
Event: 7939.488 GC heap after
{Heap after GC invocations=2070 (full 5):
 PSYoungGen      total 6656K, used 512K [0x00000000d5580000, 0x00000000d5d80000, 0x0000000100000000)
  eden space 6144K, 0% used [0x00000000d5580000,0x00000000d5580000,0x00000000d5b80000)
  from space 512K, 100% used [0x00000000d5c00000,0x00000000d5c80000,0x00000000d5c80000)
  to   space 1024K, 0% used [0x00000000d5c80000,0x00000000d5c80000,0x00000000d5d80000)
 ParOldGen       total 1098752K, used 1098397K [0x0000000080000000, 0x00000000c3100000, 0x00000000d5580000)
  object space 1098752K, 99% used [0x0000000080000000,0x00000000c30a7670,0x00000000c3100000)
 Metaspace       used 87254K, committed 88768K, reserved 1179648K
  class space    used 8736K, committed 9408K, reserved 1048576K
}
Event: 7939.872 GC heap before
{Heap before GC invocations=2071 (full 5):
 PSYoungGen      total 6656K, used 6656K [0x00000000d5580000, 0x00000000d5d80000, 0x0000000100000000)
  eden space 6144K, 100% used [0x00000000d5580000,0x00000000d5b80000,0x00000000d5b80000)
  from space 512K, 100% used [0x00000000d5c00000,0x00000000d5c80000,0x00000000d5c80000)
  to   space 1024K, 0% used [0x00000000d5c80000,0x00000000d5c80000,0x00000000d5d80000)
 ParOldGen       total 1098752K, used 1098397K [0x0000000080000000, 0x00000000c3100000, 0x00000000d5580000)
  object space 1098752K, 99% used [0x0000000080000000,0x00000000c30a7670,0x00000000c3100000)
 Metaspace       used 87255K, committed 88768K, reserved 1179648K
  class space    used 8736K, committed 9408K, reserved 1048576K
}
Event: 7939.875 GC heap after
{Heap after GC invocations=2071 (full 5):
 PSYoungGen      total 6656K, used 224K [0x00000000d5580000, 0x00000000d5d00000, 0x0000000100000000)
  eden space 6144K, 0% used [0x00000000d5580000,0x00000000d5580000,0x00000000d5b80000)
  from space 512K, 43% used [0x00000000d5c80000,0x00000000d5cb8000,0x00000000d5d00000)
  to   space 512K, 0% used [0x00000000d5c00000,0x00000000d5c00000,0x00000000d5c80000)
 ParOldGen       total 1098752K, used 1098421K [0x0000000080000000, 0x00000000c3100000, 0x00000000d5580000)
  object space 1098752K, 99% used [0x0000000080000000,0x00000000c30ad670,0x00000000c3100000)
 Metaspace       used 87255K, committed 88768K, reserved 1179648K
  class space    used 8736K, committed 9408K, reserved 1048576K
}
Event: 7939.942 GC heap before
{Heap before GC invocations=2072 (full 5):
 PSYoungGen      total 6656K, used 6368K [0x00000000d5580000, 0x00000000d5d00000, 0x0000000100000000)
  eden space 6144K, 100% used [0x00000000d5580000,0x00000000d5b80000,0x00000000d5b80000)
  from space 512K, 43% used [0x00000000d5c80000,0x00000000d5cb8000,0x00000000d5d00000)
  to   space 512K, 0% used [0x00000000d5c00000,0x00000000d5c00000,0x00000000d5c80000)
 ParOldGen       total 1098752K, used 1098421K [0x0000000080000000, 0x00000000c3100000, 0x00000000d5580000)
  object space 1098752K, 99% used [0x0000000080000000,0x00000000c30ad670,0x00000000c3100000)
 Metaspace       used 87255K, committed 88768K, reserved 1179648K
  class space    used 8736K, committed 9408K, reserved 1048576K
}
Event: 7939.951 GC heap after
{Heap after GC invocations=2072 (full 5):
 PSYoungGen      total 6656K, used 288K [0x00000000d5580000, 0x00000000d5d00000, 0x0000000100000000)
  eden space 6144K, 0% used [0x00000000d5580000,0x00000000d5580000,0x00000000d5b80000)
  from space 512K, 56% used [0x00000000d5c00000,0x00000000d5c48000,0x00000000d5c80000)
  to   space 512K, 0% used [0x00000000d5c80000,0x00000000d5c80000,0x00000000d5d00000)
 ParOldGen       total 1098752K, used 1098497K [0x0000000080000000, 0x00000000c3100000, 0x00000000d5580000)
  object space 1098752K, 99% used [0x0000000080000000,0x00000000c30c04d8,0x00000000c3100000)
 Metaspace       used 87255K, committed 88768K, reserved 1179648K
  class space    used 8736K, committed 9408K, reserved 1048576K
}
Event: 7940.030 GC heap before
{Heap before GC invocations=2073 (full 5):
 PSYoungGen      total 6656K, used 6431K [0x00000000d5580000, 0x00000000d5d00000, 0x0000000100000000)
  eden space 6144K, 99% used [0x00000000d5580000,0x00000000d5b7fd18,0x00000000d5b80000)
  from space 512K, 56% used [0x00000000d5c00000,0x00000000d5c48000,0x00000000d5c80000)
  to   space 512K, 0% used [0x00000000d5c80000,0x00000000d5c80000,0x00000000d5d00000)
 ParOldGen       total 1098752K, used 1098497K [0x0000000080000000, 0x00000000c3100000, 0x00000000d5580000)
  object space 1098752K, 99% used [0x0000000080000000,0x00000000c30c04d8,0x00000000c3100000)
 Metaspace       used 87255K, committed 88768K, reserved 1179648K
  class space    used 8736K, committed 9408K, reserved 1048576K
}
Event: 7940.038 GC heap after
{Heap after GC invocations=2073 (full 5):
 PSYoungGen      total 6656K, used 224K [0x00000000d5580000, 0x00000000d5d00000, 0x0000000100000000)
  eden space 6144K, 0% used [0x00000000d5580000,0x00000000d5580000,0x00000000d5b80000)
  from space 512K, 43% used [0x00000000d5c80000,0x00000000d5cb8000,0x00000000d5d00000)
  to   space 512K, 0% used [0x00000000d5c00000,0x00000000d5c00000,0x00000000d5c80000)
 ParOldGen       total 1098752K, used 1098648K [0x0000000080000000, 0x00000000c3100000, 0x00000000d5580000)
  object space 1098752K, 99% used [0x0000000080000000,0x00000000c30e61a8,0x00000000c3100000)
 Metaspace       used 87255K, committed 88768K, reserved 1179648K
  class space    used 8736K, committed 9408K, reserved 1048576K
}
Event: 7940.140 GC heap before
{Heap before GC invocations=2074 (full 5):
 PSYoungGen      total 6656K, used 6368K [0x00000000d5580000, 0x00000000d5d00000, 0x0000000100000000)
  eden space 6144K, 100% used [0x00000000d5580000,0x00000000d5b80000,0x00000000d5b80000)
  from space 512K, 43% used [0x00000000d5c80000,0x00000000d5cb8000,0x00000000d5d00000)
  to   space 512K, 0% used [0x00000000d5c00000,0x00000000d5c00000,0x00000000d5c80000)
 ParOldGen       total 1098752K, used 1098648K [0x0000000080000000, 0x00000000c3100000, 0x00000000d5580000)
  object space 1098752K, 99% used [0x0000000080000000,0x00000000c30e61a8,0x00000000c3100000)
 Metaspace       used 87255K, committed 88768K, reserved 1179648K
  class space    used 8736K, committed 9408K, reserved 1048576K
}
Event: 7940.144 GC heap after
{Heap after GC invocations=2074 (full 5):
 PSYoungGen      total 6656K, used 192K [0x00000000d5580000, 0x00000000d5d00000, 0x0000000100000000)
  eden space 6144K, 0% used [0x00000000d5580000,0x00000000d5580000,0x00000000d5b80000)
  from space 512K, 37% used [0x00000000d5c00000,0x00000000d5c30000,0x00000000d5c80000)
  to   space 512K, 0% used [0x00000000d5c80000,0x00000000d5c80000,0x00000000d5d00000)
 ParOldGen       total 1098752K, used 1098664K [0x0000000080000000, 0x00000000c3100000, 0x00000000d5580000)
  object space 1098752K, 99% used [0x0000000080000000,0x00000000c30ea1a8,0x00000000c3100000)
 Metaspace       used 87255K, committed 88768K, reserved 1179648K
  class space    used 8736K, committed 9408K, reserved 1048576K
}
Event: 7980.969 GC heap before
{Heap before GC invocations=2075 (full 5):
 PSYoungGen      total 6656K, used 6336K [0x00000000d5580000, 0x00000000d5d00000, 0x0000000100000000)
  eden space 6144K, 100% used [0x00000000d5580000,0x00000000d5b80000,0x00000000d5b80000)
  from space 512K, 37% used [0x00000000d5c00000,0x00000000d5c30000,0x00000000d5c80000)
  to   space 512K, 0% used [0x00000000d5c80000,0x00000000d5c80000,0x00000000d5d00000)
 ParOldGen       total 1098752K, used 1098664K [0x0000000080000000, 0x00000000c3100000, 0x00000000d5580000)
  object space 1098752K, 99% used [0x0000000080000000,0x00000000c30ea1a8,0x00000000c3100000)
 Metaspace       used 87255K, committed 88768K, reserved 1179648K
  class space    used 8736K, committed 9408K, reserved 1048576K
}

