# JRE version: OpenJDK Runtime Environment Temurin-21.0.9+10 (21.0.9+10) (build 21.0.9+10-LTS)
# Java VM: OpenJDK 64-Bit Server VM Temurin-21.0.9+10 (21.0.9+10-LTS, mixed mode, sharing, tiered, compressed oops, compressed class ptrs, parallel gc, windows-amd64)
GC Precious Log:
 CardTable entry size: 512
 CPUs: 12 total, 12 available
 Memory: 7876M
 Large Page Support: Disabled
 NUMA Support: Disabled
 Compressed Oops: Enabled (32-bit)
 Alignments: Space 512K, Generation 512K, Heap 2M
 Heap Min Capacity: 100M
 Heap Initial Capacity: 100M
 Heap Max Capacity: 2G
 Pre-touch: Disabled
 Parallel Workers: 10
Heap:
 PSYoungGen      total 6656K, used 6646K [0x00000000d5580000, 0x00000000d5e00000, 0x0000000100000000)
  eden space 4608K, 100% used [0x00000000d5580000,0x00000000d5a00000,0x00000000d5a00000)
  from space 2048K, 99% used [0x00000000d5c00000,0x00000000d5dfdbb0,0x00000000d5e00000)
  to   space 1024K, 99% used [0x00000000d5a00000,0x00000000d5afee90,0x00000000d5b00000)
 ParOldGen       total 1121792K, used 1121787K [0x0000000080000000, 0x00000000c4780000, 0x00000000d5580000)
  object space 1121792K, 99% used [0x0000000080000000,0x00000000c477edd8,0x00000000c4780000)
 Metaspace       used 84655K, committed 86336K, reserved 1179648K
  class space    used 8389K, committed 9152K, reserved 1048576K
GC Heap History (20 events):
Event: 743.218 GC heap before
{Heap before GC invocations=1740 (full 5):
 PSYoungGen      total 8192K, used 7726K [0x00000000d5580000, 0x00000000d5f80000, 0x0000000100000000)
  eden space 6144K, 100% used [0x00000000d5580000,0x00000000d5b80000,0x00000000d5b80000)
  from space 2048K, 77% used [0x00000000d5d80000,0x00000000d5f0bb38,0x00000000d5f80000)
  to   space 2048K, 0% used [0x00000000d5b80000,0x00000000d5b80000,0x00000000d5d80000)
 ParOldGen       total 1108992K, used 1108748K [0x0000000080000000, 0x00000000c3b00000, 0x00000000d5580000)
  object space 1108992K, 99% used [0x0000000080000000,0x00000000c3ac3388,0x00000000c3b00000)
 Metaspace       used 84579K, committed 86272K, reserved 1179648K
  class space    used 8389K, committed 9152K, reserved 1048576K
}
Event: 743.226 GC heap after
{Heap after GC invocations=1740 (full 5):
 PSYoungGen      total 6656K, used 304K [0x00000000d5580000, 0x00000000d5e00000, 0x0000000100000000)
  eden space 6144K, 0% used [0x00000000d5580000,0x00000000d5580000,0x00000000d5b80000)
  from space 512K, 59% used [0x00000000d5b80000,0x00000000d5bcc0a0,0x00000000d5c00000)
  to   space 1024K, 0% used [0x00000000d5d00000,0x00000000d5d00000,0x00000000d5e00000)
 ParOldGen       total 1110528K, used 1110244K [0x0000000080000000, 0x00000000c3c80000, 0x00000000d5580000)
  object space 1110528K, 99% used [0x0000000080000000,0x00000000c3c39330,0x00000000c3c80000)
 Metaspace       used 84579K, committed 86272K, reserved 1179648K
  class space    used 8389K, committed 9152K, reserved 1048576K
}
Event: 743.248 GC heap before
{Heap before GC invocations=1741 (full 5):
 PSYoungGen      total 6656K, used 6448K [0x00000000d5580000, 0x00000000d5e00000, 0x0000000100000000)
  eden space 6144K, 100% used [0x00000000d5580000,0x00000000d5b80000,0x00000000d5b80000)
  from space 512K, 59% used [0x00000000d5b80000,0x00000000d5bcc0a0,0x00000000d5c00000)
  to   space 1024K, 0% used [0x00000000d5d00000,0x00000000d5d00000,0x00000000d5e00000)
 ParOldGen       total 1110528K, used 1110244K [0x0000000080000000, 0x00000000c3c80000, 0x00000000d5580000)
  object space 1110528K, 99% used [0x0000000080000000,0x00000000c3c39330,0x00000000c3c80000)
 Metaspace       used 84579K, committed 86272K, reserved 1179648K
  class space    used 8389K, committed 9152K, reserved 1048576K
}
Event: 743.253 GC heap after
{Heap after GC invocations=1741 (full 5):
 PSYoungGen      total 6144K, used 1024K [0x00000000d5580000, 0x00000000d6080000, 0x0000000100000000)
  eden space 5120K, 0% used [0x00000000d5580000,0x00000000d5580000,0x00000000d5a80000)
  from space 1024K, 100% used [0x00000000d5d00000,0x00000000d5e00000,0x00000000d5e00000)
  to   space 2560K, 0% used [0x00000000d5a80000,0x00000000d5a80000,0x00000000d5d00000)
 ParOldGen       total 1111552K, used 1111161K [0x0000000080000000, 0x00000000c3d80000, 0x00000000d5580000)
  object space 1111552K, 99% used [0x0000000080000000,0x00000000c3d1e670,0x00000000c3d80000)
 Metaspace       used 84579K, committed 86272K, reserved 1179648K
  class space    used 8389K, committed 9152K, reserved 1048576K
}
Event: 743.288 GC heap before
{Heap before GC invocations=1742 (full 5):
 PSYoungGen      total 6144K, used 6144K [0x00000000d5580000, 0x00000000d6080000, 0x0000000100000000)
  eden space 5120K, 100% used [0x00000000d5580000,0x00000000d5a80000,0x00000000d5a80000)
  from space 1024K, 100% used [0x00000000d5d00000,0x00000000d5e00000,0x00000000d5e00000)
  to   space 2560K, 0% used [0x00000000d5a80000,0x00000000d5a80000,0x00000000d5d00000)
 ParOldGen       total 1111552K, used 1111161K [0x0000000080000000, 0x00000000c3d80000, 0x00000000d5580000)
  object space 1111552K, 99% used [0x0000000080000000,0x00000000c3d1e670,0x00000000c3d80000)
 Metaspace       used 84579K, committed 86272K, reserved 1179648K
  class space    used 8389K, committed 9152K, reserved 1048576K
}
Event: 743.293 GC heap after
{Heap after GC invocations=1742 (full 5):
 PSYoungGen      total 6656K, used 1342K [0x00000000d5580000, 0x00000000d5e80000, 0x0000000100000000)
  eden space 5120K, 0% used [0x00000000d5580000,0x00000000d5580000,0x00000000d5a80000)
  from space 1536K, 87% used [0x00000000d5a80000,0x00000000d5bcfb28,0x00000000d5c00000)
  to   space 2048K, 0% used [0x00000000d5c80000,0x00000000d5c80000,0x00000000d5e80000)
 ParOldGen       total 1112576K, used 1112142K [0x0000000080000000, 0x00000000c3e80000, 0x00000000d5580000)
  object space 1112576K, 99% used [0x0000000080000000,0x00000000c3e13ad0,0x00000000c3e80000)
 Metaspace       used 84579K, committed 86272K, reserved 1179648K
  class space    used 8389K, committed 9152K, reserved 1048576K
}
Event: 743.319 GC heap before
{Heap before GC invocations=1743 (full 5):
 PSYoungGen      total 6656K, used 6462K [0x00000000d5580000, 0x00000000d5e80000, 0x0000000100000000)
  eden space 5120K, 100% used [0x00000000d5580000,0x00000000d5a80000,0x00000000d5a80000)
  from space 1536K, 87% used [0x00000000d5a80000,0x00000000d5bcfb28,0x00000000d5c00000)
  to   space 2048K, 0% used [0x00000000d5c80000,0x00000000d5c80000,0x00000000d5e80000)
 ParOldGen       total 1112576K, used 1112142K [0x0000000080000000, 0x00000000c3e80000, 0x00000000d5580000)
  object space 1112576K, 99% used [0x0000000080000000,0x00000000c3e13ad0,0x00000000c3e80000)
 Metaspace       used 84643K, committed 86336K, reserved 1179648K
  class space    used 8389K, committed 9152K, reserved 1048576K
}
Event: 743.326 GC heap after
{Heap after GC invocations=1743 (full 5):
 PSYoungGen      total 6144K, used 512K [0x00000000d5580000, 0x00000000d5d80000, 0x0000000100000000)
  eden space 5120K, 0% used [0x00000000d5580000,0x00000000d5580000,0x00000000d5a80000)
  from space 1024K, 50% used [0x00000000d5c80000,0x00000000d5d00120,0x00000000d5d80000)
  to   space 1024K, 0% used [0x00000000d5b80000,0x00000000d5b80000,0x00000000d5c80000)
 ParOldGen       total 1113600K, used 1113407K [0x0000000080000000, 0x00000000c3f80000, 0x00000000d5580000)
  object space 1113600K, 99% used [0x0000000080000000,0x00000000c3f4ffd8,0x00000000c3f80000)
 Metaspace       used 84643K, committed 86336K, reserved 1179648K
  class space    used 8389K, committed 9152K, reserved 1048576K
}
Event: 746.834 GC heap before
{Heap before GC invocations=1744 (full 5):
 PSYoungGen      total 6144K, used 5632K [0x00000000d5580000, 0x00000000d5d80000, 0x0000000100000000)
  eden space 5120K, 100% used [0x00000000d5580000,0x00000000d5a80000,0x00000000d5a80000)
  from space 1024K, 50% used [0x00000000d5c80000,0x00000000d5d00120,0x00000000d5d80000)
  to   space 1024K, 0% used [0x00000000d5b80000,0x00000000d5b80000,0x00000000d5c80000)
 ParOldGen       total 1113600K, used 1113407K [0x0000000080000000, 0x00000000c3f80000, 0x00000000d5580000)
  object space 1113600K, 99% used [0x0000000080000000,0x00000000c3f4ffd8,0x00000000c3f80000)
 Metaspace       used 84649K, committed 86336K, reserved 1179648K
  class space    used 8389K, committed 9152K, reserved 1048576K
}
Event: 747.849 GC heap after
{Heap after GC invocations=1744 (full 5):
 PSYoungGen      total 6144K, used 1015K [0x00000000d5580000, 0x00000000d5f80000, 0x0000000100000000)
  eden space 5120K, 0% used [0x00000000d5580000,0x00000000d5580000,0x00000000d5a80000)
  from space 1024K, 99% used [0x00000000d5b80000,0x00000000d5c7dff0,0x00000000d5c80000)
  to   space 2560K, 0% used [0x00000000d5d00000,0x00000000d5d00000,0x00000000d5f80000)
 ParOldGen       total 1114624K, used 1114416K [0x0000000080000000, 0x00000000c4080000, 0x00000000d5580000)
  object space 1114624K, 99% used [0x0000000080000000,0x00000000c404c220,0x00000000c4080000)
 Metaspace       used 84649K, committed 86336K, reserved 1179648K
  class space    used 8389K, committed 9152K, reserved 1048576K
}
Event: 747.861 GC heap before
{Heap before GC invocations=1745 (full 5):
 PSYoungGen      total 6144K, used 6135K [0x00000000d5580000, 0x00000000d5f80000, 0x0000000100000000)
  eden space 5120K, 99% used [0x00000000d5580000,0x00000000d5a7fff8,0x00000000d5a80000)
  from space 1024K, 99% used [0x00000000d5b80000,0x00000000d5c7dff0,0x00000000d5c80000)
  to   space 2560K, 0% used [0x00000000d5d00000,0x00000000d5d00000,0x00000000d5f80000)
 ParOldGen       total 1114624K, used 1114416K [0x0000000080000000, 0x00000000c4080000, 0x00000000d5580000)
  object space 1114624K, 99% used [0x0000000080000000,0x00000000c404c220,0x00000000c4080000)
 Metaspace       used 84649K, committed 86336K, reserved 1179648K
  class space    used 8389K, committed 9152K, reserved 1048576K
}
Event: 747.869 GC heap after
{Heap after GC invocations=1745 (full 5):
 PSYoungGen      total 7168K, used 2448K [0x00000000d5580000, 0x00000000d6180000, 0x0000000100000000)
  eden space 4608K, 0% used [0x00000000d5580000,0x00000000d5580000,0x00000000d5a00000)
  from space 2560K, 95% used [0x00000000d5d00000,0x00000000d5f64220,0x00000000d5f80000)
  to   space 3072K, 0% used [0x00000000d5a00000,0x00000000d5a00000,0x00000000d5d00000)
 ParOldGen       total 1115648K, used 1115446K [0x0000000080000000, 0x00000000c4180000, 0x00000000d5580000)
  object space 1115648K, 99% used [0x0000000080000000,0x00000000c414d870,0x00000000c4180000)
 Metaspace       used 84649K, committed 86336K, reserved 1179648K
  class space    used 8389K, committed 9152K, reserved 1048576K
}
Event: 747.893 GC heap before
{Heap before GC invocations=1746 (full 5):
 PSYoungGen      total 7168K, used 7056K [0x00000000d5580000, 0x00000000d6180000, 0x0000000100000000)
  eden space 4608K, 100% used [0x00000000d5580000,0x00000000d5a00000,0x00000000d5a00000)
  from space 2560K, 95% used [0x00000000d5d00000,0x00000000d5f64220,0x00000000d5f80000)
  to   space 3072K, 0% used [0x00000000d5a00000,0x00000000d5a00000,0x00000000d5d00000)
 ParOldGen       total 1115648K, used 1115446K [0x0000000080000000, 0x00000000c4180000, 0x00000000d5580000)
  object space 1115648K, 99% used [0x0000000080000000,0x00000000c414d870,0x00000000c4180000)
 Metaspace       used 84649K, committed 86336K, reserved 1179648K
  class space    used 8389K, committed 9152K, reserved 1048576K
}
Event: 747.898 GC heap after
{Heap after GC invocations=1746 (full 5):
 PSYoungGen      total 7680K, used 1443K [0x00000000d5580000, 0x00000000d5f00000, 0x0000000100000000)
  eden space 4608K, 0% used [0x00000000d5580000,0x00000000d5580000,0x00000000d5a00000)
  from space 3072K, 46% used [0x00000000d5a00000,0x00000000d5b68e88,0x00000000d5d00000)
  to   space 2048K, 0% used [0x00000000d5d00000,0x00000000d5d00000,0x00000000d5f00000)
 ParOldGen       total 1117696K, used 1117315K [0x0000000080000000, 0x00000000c4380000, 0x00000000d5580000)
  object space 1117696K, 99% used [0x0000000080000000,0x00000000c4320fa0,0x00000000c4380000)
 Metaspace       used 84649K, committed 86336K, reserved 1179648K
  class space    used 8389K, committed 9152K, reserved 1048576K
}
Event: 747.981 GC heap before
{Heap before GC invocations=1747 (full 5):
 PSYoungGen      total 7680K, used 6051K [0x00000000d5580000, 0x00000000d5f00000, 0x0000000100000000)
  eden space 4608K, 100% used [0x00000000d5580000,0x00000000d5a00000,0x00000000d5a00000)
  from space 3072K, 46% used [0x00000000d5a00000,0x00000000d5b68e88,0x00000000d5d00000)
  to   space 2048K, 0% used [0x00000000d5d00000,0x00000000d5d00000,0x00000000d5f00000)
 ParOldGen       total 1117696K, used 1117315K [0x0000000080000000, 0x00000000c4380000, 0x00000000d5580000)
  object space 1117696K, 99% used [0x0000000080000000,0x00000000c4320fa0,0x00000000c4380000)
 Metaspace       used 84652K, committed 86336K, reserved 1179648K
  class space    used 8389K, committed 9152K, reserved 1048576K
}
Event: 750.004 GC heap after
{Heap after GC invocations=1747 (full 5):
 PSYoungGen      total 6656K, used 2037K [0x00000000d5580000, 0x00000000d5f00000, 0x0000000100000000)
  eden space 4608K, 0% used [0x00000000d5580000,0x00000000d5580000,0x00000000d5a00000)
  from space 2048K, 99% used [0x00000000d5d00000,0x00000000d5efd668,0x00000000d5f00000)
  to   space 3072K, 0% used [0x00000000d5a00000,0x00000000d5a00000,0x00000000d5d00000)
 ParOldGen       total 1118208K, used 1117983K [0x0000000080000000, 0x00000000c4400000, 0x00000000d5580000)
  object space 1118208K, 99% used [0x0000000080000000,0x00000000c43c7c58,0x00000000c4400000)
 Metaspace       used 84652K, committed 86336K, reserved 1179648K
  class space    used 8389K, committed 9152K, reserved 1048576K
}
Event: 750.024 GC heap before
{Heap before GC invocations=1748 (full 5):
 PSYoungGen      total 6656K, used 6645K [0x00000000d5580000, 0x00000000d5f00000, 0x0000000100000000)
  eden space 4608K, 99% used [0x00000000d5580000,0x00000000d59ffff8,0x00000000d5a00000)
  from space 2048K, 99% used [0x00000000d5d00000,0x00000000d5efd668,0x00000000d5f00000)
  to   space 3072K, 0% used [0x00000000d5a00000,0x00000000d5a00000,0x00000000d5d00000)
 ParOldGen       total 1118208K, used 1117983K [0x0000000080000000, 0x00000000c4400000, 0x00000000d5580000)
  object space 1118208K, 99% used [0x0000000080000000,0x00000000c43c7c58,0x00000000c4400000)
 Metaspace       used 84652K, committed 86336K, reserved 1179648K
  class space    used 8389K, committed 9152K, reserved 1048576K
}
Event: 750.030 GC heap after
{Heap after GC invocations=1748 (full 5):
 PSYoungGen      total 5632K, used 960K [0x00000000d5580000, 0x00000000d5e00000, 0x0000000100000000)
  eden space 4608K, 0% used [0x00000000d5580000,0x00000000d5580000,0x00000000d5a00000)
  from space 1024K, 93% used [0x00000000d5a00000,0x00000000d5af0000,0x00000000d5b00000)
  to   space 2048K, 0% used [0x00000000d5c00000,0x00000000d5c00000,0x00000000d5e00000)
 ParOldGen       total 1118720K, used 1118406K [0x0000000080000000, 0x00000000c4480000, 0x00000000d5580000)
  object space 1118720K, 99% used [0x0000000080000000,0x00000000c4431b80,0x00000000c4480000)
 Metaspace       used 84652K, committed 86336K, reserved 1179648K
  class space    used 8389K, committed 9152K, reserved 1048576K
}
Event: 750.050 GC heap before
{Heap before GC invocations=1749 (full 5):
 PSYoungGen      total 5632K, used 5568K [0x00000000d5580000, 0x00000000d5e00000, 0x0000000100000000)
  eden space 4608K, 100% used [0x00000000d5580000,0x00000000d5a00000,0x00000000d5a00000)
  from space 1024K, 93% used [0x00000000d5a00000,0x00000000d5af0000,0x00000000d5b00000)
  to   space 2048K, 0% used [0x00000000d5c00000,0x00000000d5c00000,0x00000000d5e00000)
 ParOldGen       total 1118720K, used 1118406K [0x0000000080000000, 0x00000000c4480000, 0x00000000d5580000)
  object space 1118720K, 99% used [0x0000000080000000,0x00000000c4431b80,0x00000000c4480000)
 Metaspace       used 84652K, committed 86336K, reserved 1179648K
  class space    used 8389K, committed 9152K, reserved 1048576K
}
Event: 752.056 GC heap after
{Heap after GC invocations=1749 (full 5):
 PSYoungGen      total 6656K, used 2038K [0x00000000d5580000, 0x00000000d5e00000, 0x0000000100000000)
  eden space 4608K, 0% used [0x00000000d5580000,0x00000000d5580000,0x00000000d5a00000)
  from space 2048K, 99% used [0x00000000d5c00000,0x00000000d5dfdbb0,0x00000000d5e00000)
  to   space 1024K, 0% used [0x00000000d5a00000,0x00000000d5a00000,0x00000000d5b00000)
 ParOldGen       total 1120256K, used 1120050K [0x0000000080000000, 0x00000000c4600000, 0x00000000d5580000)
  object space 1120256K, 99% used [0x0000000080000000,0x00000000c45cca70,0x00000000c4600000)
 Metaspace       used 84652K, committed 86336K, reserved 1179648K
  class space    used 8389K, committed 9152K, reserved 1048576K
}

