<?xml version="1.0" encoding="UTF-8"?>
<!-- Generated by org.testng.reporters.JUnitXMLReporter -->
<testsuite ignored="1" hostname="L-HARSHITHS-W10" failures="1" tests="1" name="Surefire test" time="439.324" errors="0" timestamp="2025-12-03T11:04:42 IST">
  <testcase classname="com.example.tests.L2ProspectL1FlowTest" name="runL2ProspectL1DetailsFlow" time="424.985">
    <failure type="java.lang.IllegalStateException" message="L2 Prospect L1 details flow did not complete successfully.">
      <![CDATA[java.lang.IllegalStateException: L2 Prospect L1 details flow did not complete successfully.
at com.example.tests.L2ProspectL1FlowTest.runL2ProspectL1DetailsFlow(L2ProspectL1FlowTest.java:61)
at java.base/java.util.ArrayList.forEach(ArrayList.java:1511)
... Removed 30 stack frames]]>
    </failure>
  </testcase> <!-- runL2ProspectL1DetailsFlow -->
  <testcase classname="com.example.tests.L2ProspectL1FlowTest" name="runBankDetailsOnly" time="0.0">
    <ignored/>
  </testcase> <!-- runBankDetailsOnly -->
</testsuite> <!-- Surefire test -->
