<?xml version="1.0" encoding="UTF-8"?>
<testsuite xmlns:xsi="http://www.w3.org/2001/XMLSchema-instance" xsi:noNamespaceSchemaLocation="https://maven.apache.org/surefire/maven-surefire-plugin/xsd/surefire-test-report-3.0.xsd" version="3.0" name="com.example.tests.PermissionAndJLGTest" time="334.803" tests="1" errors="0" skipped="0" failures="0">
  <properties>
[...]
</properties>
  <testcase name="runL2InfoContinuationOnly[AFTER_MOBILE_SUBMIT](1)" classname="com.example.tests.PermissionAndJLGTest" time="321.322">
    <system-out><![CDATA[Connecting to Appium server at: http://127.0.0.1:4723
Appium session started successfully
[PermissionAndJLGTest] (L2 only) resumeFrom=AFTER_MOBILE_SUBMIT
[PermissionPage] No permission dialogs detected; continuing.
[HomePage] Login screen ready (ms): 8929
[OnboardingPage] Generated mobile = 8575578397
[OnboardingPage] Mobile EditText found. entering number.
Submitted onboarding mobile number: 8575578397
[PermissionAndJLGTest] Preparing L2 continuation by executing voter-id capture flow.
[OnboardingPage] Entered voter id: DDW5823627
[OnboardingPage] ✅ Voter details SUBMIT button
[OnboardingPage] Compose button (index 2) enabled; proceeding.
[OnboardingPage] ✅ Compose button (index 2)
[OnboardingPage] Performed coordinate scroll #1 to (472,705)
[OnboardingPage] Performed coordinate scroll #2 to (467,893)
[OnboardingPage] Entered 'darshan' into Father name field.
[OnboardingPage] ✅ Father name field text entry
[OnboardingPage] Entered 'saroja' into Mother name field.
[OnboardingPage] ✅ Mother name field text entry
[OnboardingPage] ✅ Radio option (view[3])
[OnboardingPage] ✅ Compose submit button (1)
[OnboardingPage] ✅ Scroll view[2] inner
[OnboardingPage] ✅ Compose submit button (2)
[OnboardingPage] ✅ Compose button (index 2) repeat
[OnboardingPage] ✅ Compose submit button (3)
[OnboardingPage] ✅ Scroll view[3] inner
[OnboardingPage] ✅ Compose submit button (4)
[OnboardingPage] ✅ Compose submit button (5)
[OnboardingPage] ✅ Compose submit button (6)
[OnboardingPage] ✅ Scroll view[4] section
[OnboardingPage] ✅ Compose nested button
[OnboardingPage] Performed coordinate scroll #1 to (472,705)
[OnboardingPage] Performed coordinate scroll #2 to (467,893)
[OnboardingPage] ✅ Scroll view[7] button
[OnboardingPage] Successfully Captured message detected.
[OnboardingPage] ✅ Compose button after success message
[L2InfoActions] Directly clicked post-success compose view.
[L2InfoActions] L2 customer cards discovered: [Maya Mahesh Madakar, NTC, Maya Mahesh Madakar, NTC, Maya Mahesh Madakar, NTC, Maya Mahesh Madakar, NTC, Maya Mahesh Madakar, NTC, Maya Mahesh Madakar, NTC]
[L2InfoActions] Alert detected for customer card Maya Mahesh Madakar
[L2InfoActions] Alert detected for customer card NTC
[PermissionAndJLGTest] (L2 only) Selected customer: Maya Mahesh Madakar
]]></system-out>
  </testcase>
</testsuite>