<?xml version="1.0" encoding="UTF-8"?>
<testng-results ignored="0" total="1" passed="0" failed="1" skipped="0">
  <reporter-output>
  </reporter-output>
  <suite started-at="2025-12-03T10:57:23 IST" name="Surefire suite" finished-at="2025-12-03T11:04:42 IST" duration-ms="439324">
    <groups>
      <group name="l2Info">
        <method signature="L2ProspectL1FlowTest.runL2ProspectL1DetailsFlow()[pri:0, instance:com.example.tests.L2ProspectL1FlowTest@78b66d36]" name="runL2ProspectL1DetailsFlow" class="com.example.tests.L2ProspectL1FlowTest"/>
      </group> <!-- l2Info -->
    </groups>
    <test started-at="2025-12-03T10:57:23 IST" name="Surefire test" finished-at="2025-12-03T11:04:42 IST" duration-ms="439324">
      <class name="com.example.tests.L2ProspectL1FlowTest">
        <test-method is-config="true" signature="setUp()[pri:0, instance:com.example.tests.L2ProspectL1FlowTest@78b66d36]" started-at="2025-12-03T10:57:23 IST" name="setUp" finished-at="2025-12-03T10:57:37 IST" duration-ms="14220" status="PASS">
          <reporter-output>
          </reporter-output>
        </test-method> <!-- setUp -->
        <test-method is-config="true" signature="initializePageObjects()[pri:0, instance:com.example.tests.L2ProspectL1FlowTest@78b66d36]" started-at="2025-12-03T10:57:37 IST" name="initializePageObjects" finished-at="2025-12-03T10:57:37 IST" duration-ms="5" status="PASS">
          <reporter-output>
          </reporter-output>
        </test-method> <!-- initializePageObjects -->
        <test-method signature="runL2ProspectL1DetailsFlow()[pri:0, instance:com.example.tests.L2ProspectL1FlowTest@78b66d36]" started-at="2025-12-03T10:57:37 IST" name="runL2ProspectL1DetailsFlow" finished-at="2025-12-03T11:04:42 IST" duration-ms="424985" status="FAIL">
          <exception class="java.lang.IllegalStateException">
            <message>
              <![CDATA[L2 Prospect L1 details flow did not complete successfully.]]>
            </message>
            <full-stacktrace>
              <![CDATA[java.lang.IllegalStateException: L2 Prospect L1 details flow did not complete successfully.
at com.example.tests.L2ProspectL1FlowTest.runL2ProspectL1DetailsFlow(L2ProspectL1FlowTest.java:61)
at java.base/jdk.internal.reflect.DirectMethodHandleAccessor.invoke(DirectMethodHandleAccessor.java:104)
at java.base/java.lang.reflect.Method.invoke(Method.java:577)
at org.testng.internal.invokers.MethodInvocationHelper.invokeMethod(MethodInvocationHelper.java:139)
at org.testng.internal.invokers.TestInvoker.invokeMethod(TestInvoker.java:664)
at org.testng.internal.invokers.TestInvoker.invokeTestMethod(TestInvoker.java:227)
at org.testng.internal.invokers.MethodRunner.runInSequence(MethodRunner.java:50)
at org.testng.internal.invokers.TestInvoker$MethodInvocationAgent.invoke(TestInvoker.java:957)
at org.testng.internal.invokers.TestInvoker.invokeTestMethods(TestInvoker.java:200)
at org.testng.internal.invokers.TestMethodWorker.invokeTestMethods(TestMethodWorker.java:148)
at org.testng.internal.invokers.TestMethodWorker.run(TestMethodWorker.java:128)
at java.base/java.util.ArrayList.forEach(ArrayList.java:1511)
at org.testng.TestRunner.privateRun(TestRunner.java:848)
at org.testng.TestRunner.run(TestRunner.java:621)
at org.testng.SuiteRunner.runTest(SuiteRunner.java:443)
at org.testng.SuiteRunner.runSequentially(SuiteRunner.java:437)
at org.testng.SuiteRunner.privateRun(SuiteRunner.java:397)
at org.testng.SuiteRunner.run(SuiteRunner.java:336)
at org.testng.SuiteRunnerWorker.runSuite(SuiteRunnerWorker.java:52)
at org.testng.SuiteRunnerWorker.run(SuiteRunnerWorker.java:95)
at org.testng.TestNG.runSuitesSequentially(TestNG.java:1280)
at org.testng.TestNG.runSuitesLocally(TestNG.java:1200)
at org.testng.TestNG.runSuites(TestNG.java:1114)
at org.testng.TestNG.run(TestNG.java:1082)
at org.apache.maven.surefire.testng.TestNGExecutor.run(TestNGExecutor.java:151)
at org.apache.maven.surefire.testng.TestNGDirectoryTestSuite.executeSingleClass(TestNGDirectoryTestSuite.java:111)
at org.apache.maven.surefire.testng.TestNGDirectoryTestSuite.execute(TestNGDirectoryTestSuite.java:98)
at org.apache.maven.surefire.testng.TestNGProvider.invoke(TestNGProvider.java:155)
at org.apache.maven.surefire.booter.ForkedBooter.runSuitesInProcess(ForkedBooter.java:456)
at org.apache.maven.surefire.booter.ForkedBooter.execute(ForkedBooter.java:169)
at org.apache.maven.surefire.booter.ForkedBooter.run(ForkedBooter.java:595)
at org.apache.maven.surefire.booter.ForkedBooter.main(ForkedBooter.java:581)
]]>
            </full-stacktrace>
          </exception> <!-- java.lang.IllegalStateException -->
          <reporter-output>
          </reporter-output>
        </test-method> <!-- runL2ProspectL1DetailsFlow -->
        <test-method is-config="true" signature="tearDown()[pri:0, instance:com.example.tests.L2ProspectL1FlowTest@78b66d36]" started-at="2025-12-03T11:04:42 IST" name="tearDown" finished-at="2025-12-03T11:04:42 IST" duration-ms="2" status="PASS">
          <reporter-output>
          </reporter-output>
        </test-method> <!-- tearDown -->
      </class> <!-- com.example.tests.L2ProspectL1FlowTest -->
    </test> <!-- Surefire test -->
  </suite> <!-- Surefire suite -->
</testng-results>
