<?xml version="1.0" encoding="UTF-8"?>
<testsuite xmlns:xsi="http://www.w3.org/2001/XMLSchema-instance" xsi:noNamespaceSchemaLocation="https://maven.apache.org/surefire/maven-surefire-plugin/xsd/surefire-test-report-3.0.xsd" version="3.0" name="com.example.tests.L2ProspectL1FlowTest" time="440.11" tests="1" errors="0" skipped="0" failures="1">
  <properties>
[...]
</properties>
  <testcase name="runL2ProspectL1DetailsFlow" classname="com.example.tests.L2ProspectL1FlowTest" time="425.084">
    <failure message="L2 Prospect L1 details flow did not complete successfully." type="java.lang.IllegalStateException"><![CDATA[java.lang.IllegalStateException: L2 Prospect L1 details flow did not complete successfully.
	at com.example.tests.L2ProspectL1FlowTest.runL2ProspectL1DetailsFlow(L2ProspectL1FlowTest.java:61)
	at java.base/jdk.internal.reflect.DirectMethodHandleAccessor.invoke(DirectMethodHandleAccessor.java:104)
	at java.base/java.lang.reflect.Method.invoke(Method.java:577)
	at org.testng.internal.invokers.MethodInvocationHelper.invokeMethod(MethodInvocationHelper.java:139)
	at org.testng.internal.invokers.TestInvoker.invokeMethod(TestInvoker.java:664)
	at org.testng.internal.invokers.TestInvoker.invokeTestMethod(TestInvoker.java:227)
	at org.testng.internal.invokers.MethodRunner.runInSequence(MethodRunner.java:50)
	at org.testng.internal.invokers.TestInvoker$MethodInvocationAgent.invoke(TestInvoker.java:957)
	at org.testng.internal.invokers.TestInvoker.invokeTestMethods(TestInvoker.java:200)
	at org.testng.internal.invokers.TestMethodWorker.invokeTestMethods(TestMethodWorker.java:148)
	at org.testng.internal.invokers.TestMethodWorker.run(TestMethodWorker.java:128)
	at java.base/java.util.ArrayList.forEach(ArrayList.java:1511)
	at org.testng.TestRunner.privateRun(TestRunner.java:848)
	at org.testng.TestRunner.run(TestRunner.java:621)
	at org.testng.SuiteRunner.runTest(SuiteRunner.java:443)
	at org.testng.SuiteRunner.runSequentially(SuiteRunner.java:437)
	at org.testng.SuiteRunner.privateRun(SuiteRunner.java:397)
	at org.testng.SuiteRunner.run(SuiteRunner.java:336)
	at org.testng.SuiteRunnerWorker.runSuite(SuiteRunnerWorker.java:52)
	at org.testng.SuiteRunnerWorker.run(SuiteRunnerWorker.java:95)
	at org.testng.TestNG.runSuitesSequentially(TestNG.java:1280)
	at org.testng.TestNG.runSuitesLocally(TestNG.java:1200)
	at org.testng.TestNG.runSuites(TestNG.java:1114)
	at org.testng.TestNG.run(TestNG.java:1082)
	at org.apache.maven.surefire.testng.TestNGExecutor.run(TestNGExecutor.java:151)
	at org.apache.maven.surefire.testng.TestNGDirectoryTestSuite.executeSingleClass(TestNGDirectoryTestSuite.java:111)
	at org.apache.maven.surefire.testng.TestNGDirectoryTestSuite.execute(TestNGDirectoryTestSuite.java:98)
	at org.apache.maven.surefire.testng.TestNGProvider.invoke(TestNGProvider.java:155)
	at org.apache.maven.surefire.booter.ForkedBooter.runSuitesInProcess(ForkedBooter.java:456)
	at org.apache.maven.surefire.booter.ForkedBooter.execute(ForkedBooter.java:169)
	at org.apache.maven.surefire.booter.ForkedBooter.run(ForkedBooter.java:595)
	at org.apache.maven.surefire.booter.ForkedBooter.main(ForkedBooter.java:581)
]]></failure>
    <system-out><![CDATA[Connecting to Appium server at: http://127.0.0.1:4723
Appium session started successfully
[PermissionPage] No permission dialogs detected; continuing.
[HomePage] Login screen ready (ms): 9137
[OnboardingPage] Generated mobile = 8683457241
[OnboardingPage] Mobile EditText found. entering number.
Submitted onboarding mobile number: 8683457241
[OnboardingPage] Entered voter id: QSE7213303
[OnboardingPage] ✅ Voter details SUBMIT button
[OnboardingPage] Compose button (index 2) enabled; proceeding.
[OnboardingPage] ✅ Compose button (index 2)
[OnboardingPage] Performed coordinate scroll #1 to (472,705)
[OnboardingPage] Performed coordinate scroll #2 to (467,893)
[OnboardingPage] Entered 'darshan' into Father name field.
[OnboardingPage] ✅ Father name field text entry
[OnboardingPage] Entered 'saroja' into Mother name field.
[OnboardingPage] ✅ Mother name field text entry
[OnboardingPage] ✅ Radio option (view[3])
[OnboardingPage] ✅ Compose submit button (1)
[OnboardingPage] ✅ Scroll view[2] inner
[OnboardingPage] ✅ Compose submit button (2)
[OnboardingPage] ✅ Compose button (index 2) repeat
[OnboardingPage] ✅ Compose submit button (3)
[OnboardingPage] ✅ Scroll view[3] inner
[OnboardingPage] ✅ Compose submit button (4)
[OnboardingPage] ✅ Compose submit button (5)
[OnboardingPage] ✅ Compose submit button (6)
[OnboardingPage] ✅ Scroll view[4] section
[OnboardingPage] ✅ Compose nested button
[OnboardingPage] Performed coordinate scroll #1 to (472,705)
[OnboardingPage] Performed coordinate scroll #2 to (467,893)
[OnboardingPage] ✅ Scroll view[7] button
[OnboardingPage] Successfully Captured message detected.
[OnboardingPage] ✅ Compose button after success message
[L2InfoActions] Directly clicked post-success compose view.
[L2InfoActions] L2 customer cards discovered: [Maya Mahesh Madakar, ETC, Maya Mahesh Madakar, NTC, Maya Mahesh Madakar, NTC, Maya Mahesh Madakar, NTC, Maya Mahesh Madakar, NTC, Maya Mahesh Madakar, NTC]
[L2InfoActions] Alert detected for customer card Maya Mahesh Madakar
[L2InfoActions] Alert detected for customer card ETC
[L2ProspectL1FlowTest] Selected customer: Maya Mahesh Madakar
]]></system-out>
    <system-err><![CDATA[[L2InfoActions] Coordinate swipe failed: Unable to perform W3C actions. Check the logcat output for possible error reports and make sure your input actions chain is valid.
Build info: version: '4.11.0', revision: '040bc5406b'
System info: os.name: 'Windows 11', os.arch: 'amd64', os.version: '10.0', java.version: '18.0.2.1'
Driver info: io.appium.java_client.android.AndroidDriver
Command: [e6ec0750-95b3-4bba-ac3f-8a57e4e71575, actions {actions=[org.openqa.selenium.interactions.Sequence@74d22ddd]}]
Capabilities {appium:appActivity: com.nst.profile.feature_spl..., appium:appPackage: com.nst.profile.qa, appium:autoGrantPermissions: true, appium:automationName: UIAutomator2, appium:databaseEnabled: false, appium:desired: {appActivity: com.nst.profile.feature_spl..., appPackage: com.nst.profile.qa, autoGrantPermissions: true, automationName: UIAutomator2, deviceName: emulator-5554, fullReset: false, newCommandTimeout: 60000, noReset: false, platformName: ANDROID}, appium:deviceApiLevel: 33, appium:deviceManufacturer: vivo, appium:deviceModel: V2117, appium:deviceName: 1599603759001BH, appium:deviceScreenDensity: 440, appium:deviceScreenSize: 1080x2400, appium:deviceUDID: 1599603759001BH, appium:fullReset: false, appium:javascriptEnabled: true, appium:locationContextEnabled: false, appium:networkConnectionEnabled: true, appium:newCommandTimeout: 60000, appium:noReset: false, appium:pixelRatio: 2.75, appium:platformVersion: 13, appium:statBarHeight: 99, appium:takesScreenshot: true, appium:viewportRect: {height: 2301, left: 0, top: 99, width: 1080}, appium:warnings: {}, appium:webStorageEnabled: false, platformName: ANDROID}
Session ID: e6ec0750-95b3-4bba-ac3f-8a57e4e71575
[L2InfoActions] Religion selection failed: Expected condition failed: waiting for element to be clickable: By.xpath: //android.widget.Spinner[@text='Select Religion'] (tried for 12 second(s) with 300 milliseconds interval)
Build info: version: '4.11.0', revision: '040bc5406b'
System info: os.name: 'Windows 11', os.arch: 'amd64', os.version: '10.0', java.version: '18.0.2.1'
Driver info: io.appium.java_client.android.AndroidDriver
Capabilities {appium:appActivity: com.nst.profile.feature_spl..., appium:appPackage: com.nst.profile.qa, appium:autoGrantPermissions: true, appium:automationName: UIAutomator2, appium:databaseEnabled: false, appium:desired: {appActivity: com.nst.profile.feature_spl..., appPackage: com.nst.profile.qa, autoGrantPermissions: true, automationName: UIAutomator2, deviceName: emulator-5554, fullReset: false, newCommandTimeout: 60000, noReset: false, platformName: ANDROID}, appium:deviceApiLevel: 33, appium:deviceManufacturer: vivo, appium:deviceModel: V2117, appium:deviceName: 1599603759001BH, appium:deviceScreenDensity: 440, appium:deviceScreenSize: 1080x2400, appium:deviceUDID: 1599603759001BH, appium:fullReset: false, appium:javascriptEnabled: true, appium:locationContextEnabled: false, appium:networkConnectionEnabled: true, appium:newCommandTimeout: 60000, appium:noReset: false, appium:pixelRatio: 2.75, appium:platformVersion: 13, appium:statBarHeight: 99, appium:takesScreenshot: true, appium:viewportRect: {height: 2301, left: 0, top: 99, width: 1080}, appium:warnings: {}, appium:webStorageEnabled: false, platformName: ANDROID}
Session ID: e6ec0750-95b3-4bba-ac3f-8a57e4e71575
[L2InfoActions] Education selection failed: Expected condition failed: waiting for element to be clickable: By.xpath: //android.widget.Spinner[@text='Select Education Qualification'] (tried for 12 second(s) with 300 milliseconds interval)
Build info: version: '4.11.0', revision: '040bc5406b'
System info: os.name: 'Windows 11', os.arch: 'amd64', os.version: '10.0', java.version: '18.0.2.1'
Driver info: io.appium.java_client.android.AndroidDriver
Capabilities {appium:appActivity: com.nst.profile.feature_spl..., appium:appPackage: com.nst.profile.qa, appium:autoGrantPermissions: true, appium:automationName: UIAutomator2, appium:databaseEnabled: false, appium:desired: {appActivity: com.nst.profile.feature_spl..., appPackage: com.nst.profile.qa, autoGrantPermissions: true, automationName: UIAutomator2, deviceName: emulator-5554, fullReset: false, newCommandTimeout: 60000, noReset: false, platformName: ANDROID}, appium:deviceApiLevel: 33, appium:deviceManufacturer: vivo, appium:deviceModel: V2117, appium:deviceName: 1599603759001BH, appium:deviceScreenDensity: 440, appium:deviceScreenSize: 1080x2400, appium:deviceUDID: 1599603759001BH, appium:fullReset: false, appium:javascriptEnabled: true, appium:locationContextEnabled: false, appium:networkConnectionEnabled: true, appium:newCommandTimeout: 60000, appium:noReset: false, appium:pixelRatio: 2.75, appium:platformVersion: 13, appium:statBarHeight: 99, appium:takesScreenshot: true, appium:viewportRect: {height: 2301, left: 0, top: 99, width: 1080}, appium:warnings: {}, appium:webStorageEnabled: false, platformName: ANDROID}
Session ID: e6ec0750-95b3-4bba-ac3f-8a57e4e71575
[L2InfoActions] Residence selection failed: Expected condition failed: waiting for element to be clickable: By.xpath: //android.widget.Spinner[@text='Select Nature of Residence'] (tried for 12 second(s) with 300 milliseconds interval)
Build info: version: '4.11.0', revision: '040bc5406b'
System info: os.name: 'Windows 11', os.arch: 'amd64', os.version: '10.0', java.version: '18.0.2.1'
Driver info: io.appium.java_client.android.AndroidDriver
Capabilities {appium:appActivity: com.nst.profile.feature_spl..., appium:appPackage: com.nst.profile.qa, appium:autoGrantPermissions: true, appium:automationName: UIAutomator2, appium:databaseEnabled: false, appium:desired: {appActivity: com.nst.profile.feature_spl..., appPackage: com.nst.profile.qa, autoGrantPermissions: true, automationName: UIAutomator2, deviceName: emulator-5554, fullReset: false, newCommandTimeout: 60000, noReset: false, platformName: ANDROID}, appium:deviceApiLevel: 33, appium:deviceManufacturer: vivo, appium:deviceModel: V2117, appium:deviceName: 1599603759001BH, appium:deviceScreenDensity: 440, appium:deviceScreenSize: 1080x2400, appium:deviceUDID: 1599603759001BH, appium:fullReset: false, appium:javascriptEnabled: true, appium:locationContextEnabled: false, appium:networkConnectionEnabled: true, appium:newCommandTimeout: 60000, appium:noReset: false, appium:pixelRatio: 2.75, appium:platformVersion: 13, appium:statBarHeight: 99, appium:takesScreenshot: true, appium:viewportRect: {height: 2301, left: 0, top: 99, width: 1080}, appium:warnings: {}, appium:webStorageEnabled: false, platformName: ANDROID}
Session ID: e6ec0750-95b3-4bba-ac3f-8a57e4e71575
[L2InfoActions] Ownership proof selection failed: Expected condition failed: waiting for element to be clickable: By.xpath: //android.widget.Spinner[@text='Select Ownership Proof'] (tried for 12 second(s) with 300 milliseconds interval)
Build info: version: '4.11.0', revision: '040bc5406b'
System info: os.name: 'Windows 11', os.arch: 'amd64', os.version: '10.0', java.version: '18.0.2.1'
Driver info: io.appium.java_client.android.AndroidDriver
Capabilities {appium:appActivity: com.nst.profile.feature_spl..., appium:appPackage: com.nst.profile.qa, appium:autoGrantPermissions: true, appium:automationName: UIAutomator2, appium:databaseEnabled: false, appium:desired: {appActivity: com.nst.profile.feature_spl..., appPackage: com.nst.profile.qa, autoGrantPermissions: true, automationName: UIAutomator2, deviceName: emulator-5554, fullReset: false, newCommandTimeout: 60000, noReset: false, platformName: ANDROID}, appium:deviceApiLevel: 33, appium:deviceManufacturer: vivo, appium:deviceModel: V2117, appium:deviceName: 1599603759001BH, appium:deviceScreenDensity: 440, appium:deviceScreenSize: 1080x2400, appium:deviceUDID: 1599603759001BH, appium:fullReset: false, appium:javascriptEnabled: true, appium:locationContextEnabled: false, appium:networkConnectionEnabled: true, appium:newCommandTimeout: 60000, appium:noReset: false, appium:pixelRatio: 2.75, appium:platformVersion: 13, appium:statBarHeight: 99, appium:takesScreenshot: true, appium:viewportRect: {height: 2301, left: 0, top: 99, width: 1080}, appium:warnings: {}, appium:webStorageEnabled: false, platformName: ANDROID}
Session ID: e6ec0750-95b3-4bba-ac3f-8a57e4e71575
[L2InfoActions] Failed to trigger 'Capture Front image'.
]]></system-err>
  </testcase>
</testsuite>